<?xml version="1.0" encoding="UTF-8"?>
<testng-results ignored="0" total="1" passed="1" failed="0" skipped="0">
  <reporter-output>
  </reporter-output>
  <suite started-at="2022-07-03T15:38:30 IST" name="Suite" finished-at="2022-07-03T15:39:04 IST" duration-ms="33734">
    <groups>
    </groups>
    <test started-at="2022-07-03T15:38:30 IST" name="Test" finished-at="2022-07-03T15:39:04 IST" duration-ms="33734">
      <class name="Test.TestLogin">
        <test-method is-config="true" signature="bs()[pri:0, instance:Test.TestLogin@496bc455]" started-at="2022-07-03T15:38:28 IST" name="bs" finished-at="2022-07-03T15:38:30 IST" duration-ms="1790" status="PASS">
          <reporter-output>
          </reporter-output>
        </test-method> <!-- bs -->
        <test-method is-config="true" signature="browserOpen(java.lang.String)[pri:0, instance:Test.TestLogin@496bc455]" started-at="2022-07-03T15:38:30 IST" name="browserOpen" finished-at="2022-07-03T15:38:57 IST" duration-ms="26863" status="PASS">
          <params>
            <param index="0">
              <value>
                <![CDATA[chrome]]>
              </value>
            </param>
          </params>
          <reporter-output>
          </reporter-output>
        </test-method> <!-- browserOpen -->
        <test-method signature="login()[pri:0, instance:Test.TestLogin@496bc455]" started-at="2022-07-03T15:38:57 IST" name="login" finished-at="2022-07-03T15:39:04 IST" duration-ms="6795" status="PASS">
          <reporter-output>
          </reporter-output>
        </test-method> <!-- login -->
        <test-method is-config="true" signature="browserClose()[pri:0, instance:Test.TestLogin@496bc455]" started-at="2022-07-03T15:39:04 IST" name="browserClose" finished-at="2022-07-03T15:39:04 IST" duration-ms="0" status="PASS">
          <reporter-output>
          </reporter-output>
        </test-method> <!-- browserClose -->
      </class> <!-- Test.TestLogin -->
    </test> <!-- Test -->
  </suite> <!-- Suite -->
</testng-results>
